<?xml version="1.0" encoding="UTF-8"?>
<coverage generated="1645011310519" clover="3.2.0">
  <project timestamp="1645011310519" name="All files">
    <metrics statements="66" coveredstatements="66" conditionals="9" coveredconditionals="8" methods="31" coveredmethods="31" elements="106" coveredelements="105" complexity="0" loc="66" ncloc="66" packages="1" files="3" classes="3"/>
    <file name="compose.ts" path="/Users/azandrewsidoine/Workspace/code-testing/js/libs/azlabs/functional/src/compose.ts">
      <metrics statements="29" coveredstatements="29" conditionals="2" coveredconditionals="2" methods="8" coveredmethods="8"/>
      <line num="30" count="14" type="stmt"/>
      <line num="31" count="3" type="stmt"/>
      <line num="32" count="3" type="stmt"/>
      <line num="33" count="8" type="stmt"/>
      <line num="34" count="8" type="stmt"/>
      <line num="36" count="3" type="stmt"/>
      <line num="55" count="6" type="stmt"/>
      <line num="56" count="8" type="stmt"/>
      <line num="57" count="2" type="cond" truecount="1" falsecount="0"/>
      <line num="58" count="1" type="stmt"/>
      <line num="60" count="1" type="stmt"/>
      <line num="61" count="1" type="stmt"/>
      <line num="62" count="1" type="stmt"/>
      <line num="64" count="1" type="stmt"/>
      <line num="84" count="6" type="stmt"/>
      <line num="85" count="1" type="stmt"/>
      <line num="86" count="1" type="stmt"/>
      <line num="87" count="4" type="stmt"/>
      <line num="88" count="4" type="stmt"/>
      <line num="90" count="1" type="stmt"/>
      <line num="111" count="7" type="stmt"/>
      <line num="112" count="8" type="stmt"/>
      <line num="113" count="2" type="cond" truecount="1" falsecount="0"/>
      <line num="114" count="1" type="stmt"/>
      <line num="116" count="1" type="stmt"/>
      <line num="117" count="1" type="stmt"/>
      <line num="118" count="2" type="stmt"/>
      <line num="119" count="2" type="stmt"/>
      <line num="121" count="1" type="stmt"/>
    </file>
    <file name="index.ts" path="/Users/azandrewsidoine/Workspace/code-testing/js/libs/azlabs/functional/src/index.ts">
      <metrics statements="10" coveredstatements="10" conditionals="0" coveredconditionals="0" methods="12" coveredmethods="12"/>
      <line num="1" count="4" type="stmt"/>
      <line num="11" count="2" type="stmt"/>
      <line num="12" count="4" type="stmt"/>
      <line num="13" count="3" type="stmt"/>
      <line num="14" count="3" type="stmt"/>
      <line num="15" count="3" type="stmt"/>
      <line num="16" count="3" type="stmt"/>
      <line num="17" count="3" type="stmt"/>
      <line num="18" count="3" type="stmt"/>
      <line num="19" count="3" type="stmt"/>
    </file>
    <file name="transform.ts" path="/Users/azandrewsidoine/Workspace/code-testing/js/libs/azlabs/functional/src/transform.ts">
      <metrics statements="27" coveredstatements="27" conditionals="7" coveredconditionals="6" methods="11" coveredmethods="11"/>
      <line num="1" count="2" type="stmt"/>
      <line num="31" count="2" type="stmt"/>
      <line num="36" count="2" type="stmt"/>
      <line num="38" count="2" type="cond" truecount="2" falsecount="0"/>
      <line num="40" count="2" type="cond" truecount="2" falsecount="0"/>
      <line num="50" count="2" type="stmt"/>
      <line num="64" count="2" type="stmt"/>
      <line num="67" count="1" type="stmt"/>
      <line num="83" count="2" type="stmt"/>
      <line num="84" count="1" type="stmt"/>
      <line num="96" count="2" type="stmt"/>
      <line num="97" count="2" type="stmt"/>
      <line num="98" count="2" type="stmt"/>
      <line num="114" count="2" type="stmt"/>
      <line num="119" count="1" type="stmt"/>
      <line num="120" count="1" type="stmt"/>
      <line num="142" count="2" type="stmt"/>
      <line num="147" count="1" type="stmt"/>
      <line num="148" count="10" type="stmt"/>
      <line num="149" count="10" type="stmt"/>
      <line num="151" count="1" type="stmt"/>
      <line num="172" count="2" type="stmt"/>
      <line num="177" count="1" type="stmt"/>
      <line num="178" count="10" type="stmt"/>
      <line num="179" count="15" type="cond" truecount="1" falsecount="0"/>
      <line num="180" count="10" type="stmt"/>
      <line num="184" count="1" type="cond" truecount="1" falsecount="1"/>
    </file>
  </project>
</coverage>
