{"/Users/azandrewsidoine/Workspace/code-testing/js/libs/azlabs/functional/src/compose.ts": {"path":"/Users/azandrewsidoine/Workspace/code-testing/js/libs/azlabs/functional/src/compose.ts","statementMap":{"0":{"start":{"line":30,"column":42},"end":{"line":30,"column":63}},"1":{"start":{"line":31,"column":2},"end":{"line":37,"column":4}},"2":{"start":{"line":32,"column":16},"end":{"line":32,"column":27}},"3":{"start":{"line":33,"column":4},"end":{"line":35,"column":null}},"4":{"start":{"line":33,"column":23},"end":{"line":33,"column":30}},"5":{"start":{"line":33,"column":28},"end":{"line":33,"column":30}},"6":{"start":{"line":33,"column":19},"end":{"line":33,"column":23}},"7":{"start":{"line":34,"column":6},"end":{"line":34,"column":26}},"8":{"start":{"line":36,"column":4},"end":{"line":36,"column":17}},"9":{"start":{"line":30,"column":0},"end":{"line":30,"column":16}},"10":{"start":{"line":55,"column":40},"end":{"line":55,"column":61}},"11":{"start":{"line":56,"column":2},"end":{"line":65,"column":4}},"12":{"start":{"line":56,"column":18},"end":{"line":56,"column":34}},"13":{"start":{"line":57,"column":4},"end":{"line":59,"column":null}},"14":{"start":{"line":58,"column":6},"end":{"line":58,"column":25}},"15":{"start":{"line":60,"column":16},"end":{"line":60,"column":35}},"16":{"start":{"line":61,"column":4},"end":{"line":63,"column":null}},"17":{"start":{"line":61,"column":23},"end":{"line":61,"column":39}},"18":{"start":{"line":61,"column":37},"end":{"line":61,"column":39}},"19":{"start":{"line":61,"column":19},"end":{"line":61,"column":23}},"20":{"start":{"line":62,"column":6},"end":{"line":62,"column":26}},"21":{"start":{"line":64,"column":4},"end":{"line":64,"column":17}},"22":{"start":{"line":55,"column":0},"end":{"line":55,"column":16}},"23":{"start":{"line":84,"column":49},"end":{"line":84,"column":70}},"24":{"start":{"line":85,"column":2},"end":{"line":91,"column":4}},"25":{"start":{"line":86,"column":16},"end":{"line":86,"column":27}},"26":{"start":{"line":87,"column":4},"end":{"line":89,"column":null}},"27":{"start":{"line":87,"column":23},"end":{"line":87,"column":40}},"28":{"start":{"line":87,"column":38},"end":{"line":87,"column":40}},"29":{"start":{"line":87,"column":19},"end":{"line":87,"column":23}},"30":{"start":{"line":88,"column":6},"end":{"line":88,"column":26}},"31":{"start":{"line":90,"column":4},"end":{"line":90,"column":17}},"32":{"start":{"line":84,"column":0},"end":{"line":84,"column":16}},"33":{"start":{"line":111,"column":47},"end":{"line":111,"column":68}},"34":{"start":{"line":112,"column":2},"end":{"line":122,"column":4}},"35":{"start":{"line":112,"column":18},"end":{"line":112,"column":34}},"36":{"start":{"line":113,"column":4},"end":{"line":115,"column":null}},"37":{"start":{"line":114,"column":6},"end":{"line":114,"column":25}},"38":{"start":{"line":116,"column":16},"end":{"line":116,"column":31}},"39":{"start":{"line":117,"column":16},"end":{"line":117,"column":35}},"40":{"start":{"line":118,"column":4},"end":{"line":120,"column":null}},"41":{"start":{"line":118,"column":23},"end":{"line":118,"column":39}},"42":{"start":{"line":118,"column":37},"end":{"line":118,"column":39}},"43":{"start":{"line":118,"column":19},"end":{"line":118,"column":23}},"44":{"start":{"line":119,"column":6},"end":{"line":119,"column":26}},"45":{"start":{"line":121,"column":4},"end":{"line":121,"column":17}},"46":{"start":{"line":111,"column":0},"end":{"line":111,"column":16}}},"fnMap":{"0":{"name":"compose","decl":{"start":{"line":30,"column":16},"end":{"line":30,"column":23}},"loc":{"start":{"line":30,"column":23},"end":{"line":38,"column":1}}},"1":{"name":"(anonymous_1)","decl":{"start":{"line":31,"column":9},"end":{"line":31,"column":18}},"loc":{"start":{"line":31,"column":27},"end":{"line":37,"column":3}}},"2":{"name":"vCompose","decl":{"start":{"line":55,"column":16},"end":{"line":55,"column":24}},"loc":{"start":{"line":55,"column":24},"end":{"line":66,"column":1}}},"3":{"name":"(anonymous_3)","decl":{"start":{"line":56,"column":9},"end":{"line":56,"column":18}},"loc":{"start":{"line":56,"column":9},"end":{"line":65,"column":3}}},"4":{"name":"reverseCompose","decl":{"start":{"line":84,"column":16},"end":{"line":84,"column":30}},"loc":{"start":{"line":84,"column":30},"end":{"line":92,"column":1}}},"5":{"name":"(anonymous_5)","decl":{"start":{"line":85,"column":9},"end":{"line":85,"column":18}},"loc":{"start":{"line":85,"column":27},"end":{"line":91,"column":3}}},"6":{"name":"vReverseCompose","decl":{"start":{"line":111,"column":16},"end":{"line":111,"column":31}},"loc":{"start":{"line":111,"column":31},"end":{"line":123,"column":1}}},"7":{"name":"(anonymous_7)","decl":{"start":{"line":112,"column":9},"end":{"line":112,"column":18}},"loc":{"start":{"line":112,"column":9},"end":{"line":122,"column":3}}}},"branchMap":{"0":{"loc":{"start":{"line":57,"column":4},"end":{"line":59,"column":null}},"type":"if","locations":[{"start":{"line":57,"column":4},"end":{"line":59,"column":null}}]},"1":{"loc":{"start":{"line":113,"column":4},"end":{"line":115,"column":null}},"type":"if","locations":[{"start":{"line":113,"column":4},"end":{"line":115,"column":null}}]}},"s":{"0":14,"1":3,"2":3,"3":3,"4":3,"5":3,"6":8,"7":8,"8":3,"9":2,"10":6,"11":2,"12":8,"13":2,"14":1,"15":1,"16":1,"17":1,"18":1,"19":1,"20":1,"21":1,"22":2,"23":6,"24":1,"25":1,"26":1,"27":1,"28":1,"29":4,"30":4,"31":1,"32":2,"33":7,"34":2,"35":8,"36":2,"37":1,"38":1,"39":1,"40":1,"41":1,"42":1,"43":2,"44":2,"45":1,"46":2},"f":{"0":3,"1":3,"2":2,"3":2,"4":1,"5":1,"6":2,"7":2},"b":{"0":[1],"1":[1]}}
,"/Users/azandrewsidoine/Workspace/code-testing/js/libs/azlabs/functional/src/index.ts": {"path":"/Users/azandrewsidoine/Workspace/code-testing/js/libs/azlabs/functional/src/index.ts","statementMap":{"0":{"start":{"line":1,"column":0},"end":{"line":1,"column":9}},"1":{"start":{"line":1,"column":9},"end":{"line":1,"column":18}},"2":{"start":{"line":1,"column":18},"end":{"line":1,"column":34}},"3":{"start":{"line":1,"column":34},"end":{"line":1,"column":51}},"4":{"start":{"line":1,"column":51},"end":{"line":1,"column":79}},"5":{"start":{"line":11,"column":0},"end":{"line":11,"column":null}},"6":{"start":{"line":12,"column":2},"end":{"line":12,"column":null}},"7":{"start":{"line":13,"column":2},"end":{"line":13,"column":null}},"8":{"start":{"line":14,"column":2},"end":{"line":14,"column":null}},"9":{"start":{"line":15,"column":2},"end":{"line":15,"column":null}},"10":{"start":{"line":16,"column":2},"end":{"line":16,"column":null}},"11":{"start":{"line":17,"column":2},"end":{"line":17,"column":null}},"12":{"start":{"line":18,"column":2},"end":{"line":18,"column":null}},"13":{"start":{"line":19,"column":2},"end":{"line":19,"column":null}}},"fnMap":{"0":{"name":"(anonymous_0)","decl":{"start":{"line":1,"column":9},"end":{"line":1,"column":16}},"loc":{"start":{"line":1,"column":9},"end":{"line":1,"column":18}}},"1":{"name":"(anonymous_1)","decl":{"start":{"line":1,"column":18},"end":{"line":1,"column":32}},"loc":{"start":{"line":1,"column":18},"end":{"line":1,"column":34}}},"2":{"name":"(anonymous_2)","decl":{"start":{"line":1,"column":34},"end":{"line":1,"column":49}},"loc":{"start":{"line":1,"column":34},"end":{"line":1,"column":51}}},"3":{"name":"(anonymous_3)","decl":{"start":{"line":1,"column":51},"end":{"line":1,"column":59}},"loc":{"start":{"line":1,"column":51},"end":{"line":1,"column":79}}},"4":{"name":"(anonymous_4)","decl":{"start":{"line":12,"column":2},"end":{"line":12,"column":11}},"loc":{"start":{"line":12,"column":2},"end":{"line":12,"column":null}}},"5":{"name":"(anonymous_5)","decl":{"start":{"line":13,"column":2},"end":{"line":13,"column":14}},"loc":{"start":{"line":13,"column":2},"end":{"line":13,"column":null}}},"6":{"name":"(anonymous_6)","decl":{"start":{"line":14,"column":2},"end":{"line":14,"column":7}},"loc":{"start":{"line":14,"column":2},"end":{"line":14,"column":null}}},"7":{"name":"(anonymous_7)","decl":{"start":{"line":15,"column":2},"end":{"line":15,"column":8}},"loc":{"start":{"line":15,"column":2},"end":{"line":15,"column":null}}},"8":{"name":"(anonymous_8)","decl":{"start":{"line":16,"column":2},"end":{"line":16,"column":11}},"loc":{"start":{"line":16,"column":2},"end":{"line":16,"column":null}}},"9":{"name":"(anonymous_9)","decl":{"start":{"line":17,"column":2},"end":{"line":17,"column":8}},"loc":{"start":{"line":17,"column":2},"end":{"line":17,"column":null}}},"10":{"name":"(anonymous_10)","decl":{"start":{"line":18,"column":2},"end":{"line":18,"column":5}},"loc":{"start":{"line":18,"column":2},"end":{"line":18,"column":null}}},"11":{"name":"(anonymous_11)","decl":{"start":{"line":19,"column":2},"end":{"line":19,"column":6}},"loc":{"start":{"line":19,"column":2},"end":{"line":19,"column":null}}}},"branchMap":{},"s":{"0":2,"1":3,"2":3,"3":4,"4":4,"5":2,"6":4,"7":3,"8":3,"9":3,"10":3,"11":3,"12":3,"13":3},"f":{"0":1,"1":1,"2":2,"3":2,"4":2,"5":1,"6":1,"7":1,"8":1,"9":1,"10":1,"11":1},"b":{}}
,"/Users/azandrewsidoine/Workspace/code-testing/js/libs/azlabs/functional/src/transform.ts": {"path":"/Users/azandrewsidoine/Workspace/code-testing/js/libs/azlabs/functional/src/transform.ts","statementMap":{"0":{"start":{"line":1,"column":0},"end":{"line":1,"column":36}},"1":{"start":{"line":31,"column":25},"end":{"line":36,"column":9}},"2":{"start":{"line":36,"column":2},"end":{"line":43,"column":4}},"3":{"start":{"line":38,"column":6},"end":{"line":38,"column":null}},"4":{"start":{"line":40,"column":6},"end":{"line":42,"column":null}},"5":{"start":{"line":31,"column":13},"end":{"line":31,"column":25}},"6":{"start":{"line":50,"column":28},"end":{"line":50,"column":55}},"7":{"start":{"line":50,"column":45},"end":{"line":50,"column":56}},"8":{"start":{"line":50,"column":13},"end":{"line":50,"column":28}},"9":{"start":{"line":64,"column":21},"end":{"line":67,"column":16}},"10":{"start":{"line":67,"column":5},"end":{"line":67,"column":24}},"11":{"start":{"line":64,"column":13},"end":{"line":64,"column":21}},"12":{"start":{"line":83,"column":19},"end":{"line":85,"column":1}},"13":{"start":{"line":84,"column":2},"end":{"line":84,"column":18}},"14":{"start":{"line":83,"column":13},"end":{"line":83,"column":19}},"15":{"start":{"line":96,"column":20},"end":{"line":100,"column":1}},"16":{"start":{"line":97,"column":2},"end":{"line":99,"column":null}},"17":{"start":{"line":97,"column":25},"end":{"line":97,"column":31}},"18":{"start":{"line":97,"column":29},"end":{"line":97,"column":31}},"19":{"start":{"line":97,"column":21},"end":{"line":97,"column":25}},"20":{"start":{"line":98,"column":4},"end":{"line":98,"column":23}},"21":{"start":{"line":96,"column":13},"end":{"line":96,"column":20}},"22":{"start":{"line":114,"column":25},"end":{"line":121,"column":1}},"23":{"start":{"line":119,"column":14},"end":{"line":119,"column":21}},"24":{"start":{"line":120,"column":2},"end":{"line":120,"column":45}},"25":{"start":{"line":114,"column":13},"end":{"line":114,"column":25}},"26":{"start":{"line":142,"column":22},"end":{"line":152,"column":1}},"27":{"start":{"line":147,"column":14},"end":{"line":147,"column":21}},"28":{"start":{"line":148,"column":2},"end":{"line":150,"column":null}},"29":{"start":{"line":148,"column":25},"end":{"line":148,"column":31}},"30":{"start":{"line":148,"column":29},"end":{"line":148,"column":31}},"31":{"start":{"line":148,"column":21},"end":{"line":148,"column":25}},"32":{"start":{"line":149,"column":4},"end":{"line":149,"column":51}},"33":{"start":{"line":151,"column":2},"end":{"line":151,"column":15}},"34":{"start":{"line":142,"column":13},"end":{"line":142,"column":22}},"35":{"start":{"line":172,"column":22},"end":{"line":185,"column":1}},"36":{"start":{"line":177,"column":17},"end":{"line":183,"column":6}},"37":{"start":{"line":178,"column":27},"end":{"line":178,"column":null}},"38":{"start":{"line":178,"column":15},"end":{"line":178,"column":27}},"39":{"start":{"line":179,"column":10},"end":{"line":179,"column":19}},"40":{"start":{"line":180,"column":8},"end":{"line":180,"column":23}},"41":{"start":{"line":184,"column":2},"end":{"line":184,"column":48}},"42":{"start":{"line":172,"column":13},"end":{"line":172,"column":22}}},"fnMap":{"0":{"name":"(anonymous_0)","decl":{"start":{"line":31,"column":25},"end":{"line":31,"column":null}},"loc":{"start":{"line":34,"column":23},"end":{"line":36,"column":9}}},"1":{"name":"(anonymous_1)","decl":{"start":{"line":37,"column":4},"end":{"line":37,"column":5}},"loc":{"start":{"line":37,"column":20},"end":{"line":38,"column":11}}},"2":{"name":"(anonymous_2)","decl":{"start":{"line":39,"column":4},"end":{"line":39,"column":5}},"loc":{"start":{"line":39,"column":20},"end":{"line":40,"column":11}}},"3":{"name":"(anonymous_3)","decl":{"start":{"line":50,"column":28},"end":{"line":50,"column":32}},"loc":{"start":{"line":50,"column":40},"end":{"line":50,"column":55}}},"4":{"name":"(anonymous_4)","decl":{"start":{"line":64,"column":21},"end":{"line":64,"column":null}},"loc":{"start":{"line":66,"column":39},"end":{"line":67,"column":16}}},"5":{"name":"(anonymous_5)","decl":{"start":{"line":83,"column":19},"end":{"line":83,"column":23}},"loc":{"start":{"line":83,"column":60},"end":{"line":85,"column":1}}},"6":{"name":"(anonymous_6)","decl":{"start":{"line":96,"column":20},"end":{"line":96,"column":24}},"loc":{"start":{"line":96,"column":74},"end":{"line":100,"column":1}}},"7":{"name":"(anonymous_7)","decl":{"start":{"line":114,"column":25},"end":{"line":114,"column":null}},"loc":{"start":{"line":117,"column":25},"end":{"line":121,"column":1}}},"8":{"name":"(anonymous_8)","decl":{"start":{"line":142,"column":22},"end":{"line":142,"column":null}},"loc":{"start":{"line":145,"column":25},"end":{"line":152,"column":1}}},"9":{"name":"(anonymous_9)","decl":{"start":{"line":172,"column":22},"end":{"line":172,"column":null}},"loc":{"start":{"line":175,"column":59},"end":{"line":185,"column":1}}},"10":{"name":"(anonymous_10)","decl":{"start":{"line":177,"column":18},"end":{"line":177,"column":null}},"loc":{"start":{"line":177,"column":18},"end":{"line":183,"column":4}}}},"branchMap":{"0":{"loc":{"start":{"line":38,"column":6},"end":{"line":38,"column":67}},"type":"cond-expr","locations":[{"start":{"line":38,"column":30},"end":{"line":38,"column":49}},{"start":{"line":38,"column":52},"end":{"line":38,"column":67}}]},"1":{"loc":{"start":{"line":40,"column":6},"end":{"line":42,"column":38}},"type":"cond-expr","locations":[{"start":{"line":41,"column":10},"end":{"line":41,"column":45}},{"start":{"line":42,"column":10},"end":{"line":42,"column":38}}]},"2":{"loc":{"start":{"line":179,"column":10},"end":{"line":179,"column":19}},"type":"if","locations":[{"start":{"line":179,"column":10},"end":{"line":179,"column":19}}]},"3":{"loc":{"start":{"line":184,"column":9},"end":{"line":184,"column":47}},"type":"cond-expr","locations":[{"start":{"line":184,"column":21},"end":{"line":184,"column":38}},{"start":{"line":184,"column":41},"end":{"line":184,"column":47}}]}},"s":{"0":2,"1":2,"2":2,"3":2,"4":2,"5":2,"6":2,"7":1,"8":2,"9":2,"10":1,"11":2,"12":2,"13":1,"14":2,"15":2,"16":1,"17":1,"18":1,"19":2,"20":2,"21":2,"22":2,"23":1,"24":1,"25":2,"26":2,"27":1,"28":1,"29":1,"30":1,"31":10,"32":10,"33":1,"34":2,"35":2,"36":1,"37":1,"38":10,"39":15,"40":10,"41":1,"42":2},"f":{"0":2,"1":2,"2":2,"3":1,"4":1,"5":1,"6":1,"7":1,"8":1,"9":1,"10":1},"b":{"0":[1,1],"1":[1,1],"2":[5],"3":[1,0]}}
}
