TN:
SF:src/compose.ts
FN:30,compose
FN:31,(anonymous_1)
FN:55,vCompose
FN:56,(anonymous_3)
FN:84,reverseCompose
FN:85,(anonymous_5)
FN:111,vReverseCompose
FN:112,(anonymous_7)
FNF:8
FNH:8
FNDA:3,compose
FNDA:3,(anonymous_1)
FNDA:2,vCompose
FNDA:2,(anonymous_3)
FNDA:1,reverseCompose
FNDA:1,(anonymous_5)
FNDA:2,vReverseCompose
FNDA:2,(anonymous_7)
DA:30,14
DA:31,3
DA:32,3
DA:33,8
DA:34,8
DA:36,3
DA:55,6
DA:56,8
DA:57,2
DA:58,1
DA:60,1
DA:61,1
DA:62,1
DA:64,1
DA:84,6
DA:85,1
DA:86,1
DA:87,4
DA:88,4
DA:90,1
DA:111,7
DA:112,8
DA:113,2
DA:114,1
DA:116,1
DA:117,1
DA:118,2
DA:119,2
DA:121,1
LF:29
LH:29
BRDA:57,0,0,1
BRDA:113,1,0,1
BRF:2
BRH:2
end_of_record
TN:
SF:src/index.ts
FN:1,(anonymous_0)
FN:1,(anonymous_1)
FN:1,(anonymous_2)
FN:1,(anonymous_3)
FN:12,(anonymous_4)
FN:13,(anonymous_5)
FN:14,(anonymous_6)
FN:15,(anonymous_7)
FN:16,(anonymous_8)
FN:17,(anonymous_9)
FN:18,(anonymous_10)
FN:19,(anonymous_11)
FNF:12
FNH:12
FNDA:1,(anonymous_0)
FNDA:1,(anonymous_1)
FNDA:2,(anonymous_2)
FNDA:2,(anonymous_3)
FNDA:2,(anonymous_4)
FNDA:1,(anonymous_5)
FNDA:1,(anonymous_6)
FNDA:1,(anonymous_7)
FNDA:1,(anonymous_8)
FNDA:1,(anonymous_9)
FNDA:1,(anonymous_10)
FNDA:1,(anonymous_11)
DA:1,4
DA:11,2
DA:12,4
DA:13,3
DA:14,3
DA:15,3
DA:16,3
DA:17,3
DA:18,3
DA:19,3
LF:10
LH:10
BRF:0
BRH:0
end_of_record
TN:
SF:src/transform.ts
FN:31,(anonymous_0)
FN:37,(anonymous_1)
FN:39,(anonymous_2)
FN:50,(anonymous_3)
FN:64,(anonymous_4)
FN:83,(anonymous_5)
FN:96,(anonymous_6)
FN:114,(anonymous_7)
FN:142,(anonymous_8)
FN:172,(anonymous_9)
FN:177,(anonymous_10)
FNF:11
FNH:11
FNDA:2,(anonymous_0)
FNDA:2,(anonymous_1)
FNDA:2,(anonymous_2)
FNDA:1,(anonymous_3)
FNDA:1,(anonymous_4)
FNDA:1,(anonymous_5)
FNDA:1,(anonymous_6)
FNDA:1,(anonymous_7)
FNDA:1,(anonymous_8)
FNDA:1,(anonymous_9)
FNDA:1,(anonymous_10)
DA:1,2
DA:31,2
DA:36,2
DA:38,2
DA:40,2
DA:50,2
DA:64,2
DA:67,1
DA:83,2
DA:84,1
DA:96,2
DA:97,2
DA:98,2
DA:114,2
DA:119,1
DA:120,1
DA:142,2
DA:147,1
DA:148,10
DA:149,10
DA:151,1
DA:172,2
DA:177,1
DA:178,10
DA:179,15
DA:180,10
DA:184,1
LF:27
LH:27
BRDA:38,0,0,1
BRDA:38,0,1,1
BRDA:40,1,0,1
BRDA:40,1,1,1
BRDA:179,2,0,5
BRDA:184,3,0,1
BRDA:184,3,1,0
BRF:7
BRH:6
end_of_record
